<?xml version="1.0" encoding="UTF-8"?>
<testng-results ignored="0" total="2" passed="2" failed="0" skipped="0">
  <reporter-output>
  </reporter-output>
  <suite started-at="2026-02-26T10:42:44 IST" name="Default suite" finished-at="2026-02-26T10:42:54 IST" duration-ms="9503">
    <groups>
      <group name="smoke">
        <method signature="LaunchBrowser.launchBrowser()[pri:0, instance:com.qa.test.LaunchBrowser@82de64a]" name="launchBrowser" class="com.qa.test.LaunchBrowser"/>
      </group> <!-- smoke -->
    </groups>
    <test started-at="2026-02-26T10:42:44 IST" name="Default test" finished-at="2026-02-26T10:42:54 IST" duration-ms="9503">
      <class name="com.qa.test.LaunchBrowser">
        <test-method is-config="true" signature="setup()[pri:0, instance:com.qa.test.LaunchBrowser@82de64a]" started-at="2026-02-26T10:42:44 IST" name="setup" finished-at="2026-02-26T10:42:52 IST" duration-ms="7741" status="PASS">
          <reporter-output>
          </reporter-output>
        </test-method> <!-- setup -->
        <test-method signature="launchBrowser()[pri:0, instance:com.qa.test.LaunchBrowser@82de64a]" started-at="2026-02-26T10:42:52 IST" name="launchBrowser" finished-at="2026-02-26T10:42:53 IST" duration-ms="1376" status="PASS">
          <reporter-output>
          </reporter-output>
        </test-method> <!-- launchBrowser -->
        <test-method signature="testPage()[pri:0, instance:com.qa.test.LaunchBrowser@82de64a]" started-at="2026-02-26T10:42:53 IST" name="testPage" finished-at="2026-02-26T10:42:53 IST" duration-ms="3" status="PASS">
          <reporter-output>
          </reporter-output>
        </test-method> <!-- testPage -->
        <test-method is-config="true" signature="tearDown()[pri:0, instance:com.qa.test.LaunchBrowser@82de64a]" started-at="2026-02-26T10:42:53 IST" name="tearDown" finished-at="2026-02-26T10:42:54 IST" duration-ms="310" status="PASS">
          <reporter-output>
          </reporter-output>
        </test-method> <!-- tearDown -->
      </class> <!-- com.qa.test.LaunchBrowser -->
    </test> <!-- Default test -->
  </suite> <!-- Default suite -->
</testng-results>
