<?xml version="1.0" encoding="UTF-8"?>
<!-- Generated by org.testng.reporters.JUnitReportReporter -->
<testsuite hostname="LAPTOP-LKA3284C" failures="0" tests="2" name="com.qa.test.LaunchBrowser" time="1.379" errors="0" timestamp="2026-02-26T10:42:54 IST" skipped="0">
  <testcase classname="com.qa.test.LaunchBrowser" name="launchBrowser" time="1.376"/>
  <system-out/>
  <testcase classname="com.qa.test.LaunchBrowser" name="testPage" time="0.003"/>
  <system-out/>
</testsuite> <!-- com.qa.test.LaunchBrowser -->
